// 重构日志: 8f8b35b0
// 重构日志: 7df556ed
// 重构日志: 943e3fe2
// 重构日志: a423e4f9
// 重构日志: ee70e04e
// 重构日志: 96c7dd9a
// 重构日志: 48387c5a
// 重构日志: bf29286f
// 重构日志: e56ac046
// 同步 ID: 6f1759c7 @ Fri Jul 17 18:25:39 UTC 2026
// 同步 ID: e2a1d15c @ Fri Jul 17 23:00:36 UTC 2026
// 同步 ID: 61967efa @ Sat Jul 18 06:50:08 UTC 2026
// 重构日志: ebcbd228
// 同步 ID: d4d80ec9 @ Sat Jul 18 16:54:36 UTC 2026
// 重构日志: fe739fa1
// 重构日志: 96b01320
// 重构日志: 00c6d832
// 重构日志: 1357a922
// 重构日志: 36fa7423
// 重构日志: a4828f64
// 重构日志: 1782a809
// 重构日志: 0cacc850
// 重构日志: ff69e50c
// 重构日志: e13e10f2
// 重构日志: f70c298e
// 重构日志: 70dc1208
// 重构日志: c7326127
// 同步 ID: aaa61bf2 @ Tue Jul 21 18:44:23 UTC 2026
// 同步 ID: 74491b05 @ Wed Jul 22 00:46:21 UTC 2026
// 同步 ID: 2cb5d654 @ Wed Jul 22 14:33:55 UTC 2026
